mode: set
github.com/GolangToolKits/grrt/router.go:25.25,28.2 2 1
github.com/GolangToolKits/grrt/router.go:31.46,33.49 2 1
github.com/GolangToolKits/grrt/router.go:36.2,36.12 1 1
github.com/GolangToolKits/grrt/router.go:33.49,35.3 1 1
github.com/GolangToolKits/grrt/reqRoute.go:28.32,32.2 3 1
github.com/GolangToolKits/grrt/reqRoute.go:35.56,36.14 1 1
github.com/GolangToolKits/grrt/reqRoute.go:39.2,39.10 1 1
github.com/GolangToolKits/grrt/reqRoute.go:36.14,38.3 1 1
github.com/GolangToolKits/grrt/reqRoute.go:43.82,45.2 1 1
github.com/GolangToolKits/grrt/reqRoute.go:48.41,49.20 1 1
github.com/GolangToolKits/grrt/reqRoute.go:56.2,56.10 1 1
github.com/GolangToolKits/grrt/reqRoute.go:49.20,51.31 2 1
github.com/GolangToolKits/grrt/reqRoute.go:54.3,54.18 1 1
github.com/GolangToolKits/grrt/reqRoute.go:51.31,53.4 1 1
github.com/GolangToolKits/grrt/reqRoute.go:60.48,61.23 1 1
github.com/GolangToolKits/grrt/reqRoute.go:66.2,66.10 1 1
github.com/GolangToolKits/grrt/reqRoute.go:61.23,65.3 3 1
github.com/GolangToolKits/grrt/reqRoute.go:70.48,72.23 2 1
github.com/GolangToolKits/grrt/reqRoute.go:75.2,76.10 2 1
github.com/GolangToolKits/grrt/reqRoute.go:72.23,74.3 1 1
github.com/GolangToolKits/grrt/reqRoute.go:80.43,82.2 1 1
github.com/GolangToolKits/grrt/reqRoute.go:85.51,87.26 2 1
github.com/GolangToolKits/grrt/reqRoute.go:97.2,97.12 1 1
github.com/GolangToolKits/grrt/reqRoute.go:87.26,89.3 1 1
github.com/GolangToolKits/grrt/reqRoute.go:89.8,90.33 1 1
github.com/GolangToolKits/grrt/reqRoute.go:90.33,91.15 1 1
github.com/GolangToolKits/grrt/reqRoute.go:91.15,93.10 2 1
github.com/GolangToolKits/grrt/reqRoute.go:101.42,103.2 1 1
github.com/GolangToolKits/grrt/reqRoute.go:106.43,108.27 2 1
github.com/GolangToolKits/grrt/reqRoute.go:111.2,111.12 1 1
github.com/GolangToolKits/grrt/reqRoute.go:108.27,110.3 1 1
github.com/GolangToolKits/grrt/reqRoute.go:120.46,122.2 1 1
github.com/GolangToolKits/grrt/reqRoute.go:125.37,127.2 1 1
github.com/GolangToolKits/grrt/reqRoute.go:130.39,132.2 1 1
github.com/GolangToolKits/grrt/reqRoute.go:135.44,137.2 1 1
github.com/GolangToolKits/grrt/reqRoute.go:140.36,142.2 1 1
github.com/GolangToolKits/grrt/reqRoute.go:144.45,146.73 2 1
github.com/GolangToolKits/grrt/reqRoute.go:151.2,151.12 1 1
github.com/GolangToolKits/grrt/reqRoute.go:146.73,148.3 1 1
github.com/GolangToolKits/grrt/reqRoute.go:148.8,150.3 1 1
github.com/GolangToolKits/grrt/reqRoute.go:154.47,159.22 5 1
github.com/GolangToolKits/grrt/reqRoute.go:166.2,166.13 1 1
github.com/GolangToolKits/grrt/reqRoute.go:171.2,171.12 1 1
github.com/GolangToolKits/grrt/reqRoute.go:159.22,160.16 1 1
github.com/GolangToolKits/grrt/reqRoute.go:160.16,162.4 1 1
github.com/GolangToolKits/grrt/reqRoute.go:162.9,162.25 1 1
github.com/GolangToolKits/grrt/reqRoute.go:162.25,164.4 1 1
github.com/GolangToolKits/grrt/reqRoute.go:166.13,168.3 1 1
github.com/GolangToolKits/grrt/reqRoute.go:168.8,170.3 1 1
github.com/GolangToolKits/grrt/reqRoute.go:174.55,181.22 6 1
github.com/GolangToolKits/grrt/reqRoute.go:197.2,197.12 1 1
github.com/GolangToolKits/grrt/reqRoute.go:181.22,182.31 1 1
github.com/GolangToolKits/grrt/reqRoute.go:189.3,189.31 1 1
github.com/GolangToolKits/grrt/reqRoute.go:182.31,185.9 3 1
github.com/GolangToolKits/grrt/reqRoute.go:186.9,186.21 1 1
github.com/GolangToolKits/grrt/reqRoute.go:186.21,188.4 1 1
github.com/GolangToolKits/grrt/reqRoute.go:189.31,192.9 3 1
github.com/GolangToolKits/grrt/reqRoute.go:193.9,193.21 1 1
github.com/GolangToolKits/grrt/reqRoute.go:193.21,195.4 1 1
github.com/GolangToolKits/grrt/reqRoute.go:200.50,204.22 4 1
github.com/GolangToolKits/grrt/reqRoute.go:222.2,222.12 1 1
github.com/GolangToolKits/grrt/reqRoute.go:204.22,205.24 1 1
github.com/GolangToolKits/grrt/reqRoute.go:205.24,208.9 3 1
github.com/GolangToolKits/grrt/reqRoute.go:209.9,209.20 1 1
github.com/GolangToolKits/grrt/reqRoute.go:209.20,210.32 1 1
github.com/GolangToolKits/grrt/reqRoute.go:210.32,213.10 3 1
github.com/GolangToolKits/grrt/reqRoute.go:214.10,214.39 1 1
github.com/GolangToolKits/grrt/reqRoute.go:214.39,216.5 1 1
github.com/GolangToolKits/grrt/reqRoute.go:216.10,216.39 1 1
github.com/GolangToolKits/grrt/reqRoute.go:216.39,219.5 2 1
github.com/GolangToolKits/grrt/reqRoute.go:225.47,229.22 4 1
github.com/GolangToolKits/grrt/reqRoute.go:244.2,244.12 1 1
github.com/GolangToolKits/grrt/reqRoute.go:229.22,230.24 1 1
github.com/GolangToolKits/grrt/reqRoute.go:230.24,233.9 3 1
github.com/GolangToolKits/grrt/reqRoute.go:234.9,234.20 1 1
github.com/GolangToolKits/grrt/reqRoute.go:234.20,235.32 1 1
github.com/GolangToolKits/grrt/reqRoute.go:235.32,238.10 3 1
github.com/GolangToolKits/grrt/reqRoute.go:239.10,239.39 1 1
github.com/GolangToolKits/grrt/reqRoute.go:239.39,241.5 1 1
github.com/GolangToolKits/grrt/reqRoute.go:247.73,256.22 8 1
github.com/GolangToolKits/grrt/reqRoute.go:273.2,273.14 1 1
github.com/GolangToolKits/grrt/reqRoute.go:281.2,281.19 1 1
github.com/GolangToolKits/grrt/reqRoute.go:256.22,257.14 1 1
github.com/GolangToolKits/grrt/reqRoute.go:263.3,263.14 1 1
github.com/GolangToolKits/grrt/reqRoute.go:266.3,266.30 1 1
github.com/GolangToolKits/grrt/reqRoute.go:257.14,259.17 2 1
github.com/GolangToolKits/grrt/reqRoute.go:259.17,261.5 1 1
github.com/GolangToolKits/grrt/reqRoute.go:263.14,265.4 1 1
github.com/GolangToolKits/grrt/reqRoute.go:266.30,271.4 4 1
github.com/GolangToolKits/grrt/reqRoute.go:273.14,274.41 1 1
github.com/GolangToolKits/grrt/reqRoute.go:274.41,276.4 1 1
github.com/GolangToolKits/grrt/reqRoute.go:278.8,280.3 1 1
github.com/GolangToolKits/grrt/reqRoute.go:284.55,288.2 3 1
github.com/GolangToolKits/grrt/reqRouter.go:34.70,38.53 1 1
github.com/GolangToolKits/grrt/reqRouter.go:42.2,44.15 3 1
github.com/GolangToolKits/grrt/reqRouter.go:52.2,52.33 1 1
github.com/GolangToolKits/grrt/reqRouter.go:38.53,40.3 1 1
github.com/GolangToolKits/grrt/reqRouter.go:44.15,47.22 3 1
github.com/GolangToolKits/grrt/reqRouter.go:47.22,50.4 1 1
github.com/GolangToolKits/grrt/reqRouter.go:52.33,54.3 1 1
github.com/GolangToolKits/grrt/reqRouter.go:54.8,54.42 1 1
github.com/GolangToolKits/grrt/reqRouter.go:54.42,56.3 1 1
github.com/GolangToolKits/grrt/reqRouter.go:56.8,59.3 2 1
github.com/GolangToolKits/grrt/reqRouter.go:63.37,67.2 3 1
github.com/GolangToolKits/grrt/reqRouter.go:70.68,73.16 3 1
github.com/GolangToolKits/grrt/reqRouter.go:87.2,87.11 1 1
github.com/GolangToolKits/grrt/reqRouter.go:73.16,75.3 1 1
github.com/GolangToolKits/grrt/reqRouter.go:75.8,77.28 2 1
github.com/GolangToolKits/grrt/reqRouter.go:83.3,83.12 1 1
github.com/GolangToolKits/grrt/reqRouter.go:77.28,78.55 1 1
github.com/GolangToolKits/grrt/reqRouter.go:78.55,81.5 2 1
github.com/GolangToolKits/grrt/reqRouter.go:83.12,85.4 1 1
github.com/GolangToolKits/grrt/reqRouter.go:91.94,94.16 3 1
github.com/GolangToolKits/grrt/reqRouter.go:108.2,108.11 1 1
github.com/GolangToolKits/grrt/reqRouter.go:94.16,96.3 1 1
github.com/GolangToolKits/grrt/reqRouter.go:96.8,98.28 2 1
github.com/GolangToolKits/grrt/reqRouter.go:104.3,104.12 1 1
github.com/GolangToolKits/grrt/reqRouter.go:98.28,99.55 1 1
github.com/GolangToolKits/grrt/reqRouter.go:99.55,102.5 2 1
github.com/GolangToolKits/grrt/reqRouter.go:104.12,106.4 1 1
github.com/GolangToolKits/grrt/reqRouter.go:112.48,115.16 3 1
github.com/GolangToolKits/grrt/reqRouter.go:118.2,118.11 1 1
github.com/GolangToolKits/grrt/reqRouter.go:115.16,117.3 1 1
github.com/GolangToolKits/grrt/reqRouter.go:122.33,124.2 1 1
github.com/GolangToolKits/grrt/reqRouter.go:127.56,128.28 1 1
github.com/GolangToolKits/grrt/reqRouter.go:128.28,130.20 2 1
github.com/GolangToolKits/grrt/reqRouter.go:133.3,133.55 1 1
github.com/GolangToolKits/grrt/reqRouter.go:130.20,131.12 1 1
github.com/GolangToolKits/grrt/reqRouter.go:138.53,140.2 1 1
github.com/GolangToolKits/grrt/reqRouter.go:143.53,144.28 1 1
github.com/GolangToolKits/grrt/reqRouter.go:144.28,146.20 2 1
github.com/GolangToolKits/grrt/reqRouter.go:149.3,149.55 1 1
github.com/GolangToolKits/grrt/reqRouter.go:146.20,147.12 1 1
github.com/GolangToolKits/grrt/reqRouter.go:153.54,158.2 4 1
github.com/GolangToolKits/grrt/reqRouter.go:160.48,164.2 3 1
github.com/GolangToolKits/grrt/reqRouter.go:166.69,174.23 8 1
github.com/GolangToolKits/grrt/reqRouter.go:195.2,195.19 1 1
github.com/GolangToolKits/grrt/reqRouter.go:174.23,175.13 1 1
github.com/GolangToolKits/grrt/reqRouter.go:180.3,182.17 3 1
github.com/GolangToolKits/grrt/reqRouter.go:175.13,176.12 1 1
github.com/GolangToolKits/grrt/reqRouter.go:177.9,177.19 1 1
github.com/GolangToolKits/grrt/reqRouter.go:177.19,178.9 1 1
github.com/GolangToolKits/grrt/reqRouter.go:182.17,183.28 1 1
github.com/GolangToolKits/grrt/reqRouter.go:183.28,184.38 1 1
github.com/GolangToolKits/grrt/reqRouter.go:184.38,188.11 4 1
github.com/GolangToolKits/grrt/reqRouter.go:191.9,193.4 1 1
github.com/GolangToolKits/grrt/reqRouter.go:198.95,200.36 2 1
github.com/GolangToolKits/grrt/reqRouter.go:205.2,206.27 2 1
github.com/GolangToolKits/grrt/reqRouter.go:200.36,201.32 1 1
github.com/GolangToolKits/grrt/reqRouter.go:201.32,203.4 1 1
