mode: set
github.com/GolangToolKits/grrt/reqRoute.go:27.32,31.2 3 1
github.com/GolangToolKits/grrt/reqRoute.go:34.56,35.14 1 1
github.com/GolangToolKits/grrt/reqRoute.go:35.14,37.3 1 1
github.com/GolangToolKits/grrt/reqRoute.go:38.2,38.10 1 1
github.com/GolangToolKits/grrt/reqRoute.go:42.82,44.2 1 1
github.com/GolangToolKits/grrt/reqRoute.go:47.41,48.20 1 1
github.com/GolangToolKits/grrt/reqRoute.go:48.20,50.31 2 1
github.com/GolangToolKits/grrt/reqRoute.go:50.31,52.4 1 1
github.com/GolangToolKits/grrt/reqRoute.go:53.3,53.18 1 1
github.com/GolangToolKits/grrt/reqRoute.go:55.2,55.10 1 1
github.com/GolangToolKits/grrt/reqRoute.go:59.48,60.23 1 1
github.com/GolangToolKits/grrt/reqRoute.go:60.23,64.3 3 1
github.com/GolangToolKits/grrt/reqRoute.go:65.2,65.10 1 1
github.com/GolangToolKits/grrt/reqRoute.go:69.48,71.23 2 1
github.com/GolangToolKits/grrt/reqRoute.go:71.23,73.3 1 1
github.com/GolangToolKits/grrt/reqRoute.go:74.2,75.10 2 1
github.com/GolangToolKits/grrt/reqRoute.go:79.43,81.2 1 1
github.com/GolangToolKits/grrt/reqRoute.go:84.51,86.26 2 1
github.com/GolangToolKits/grrt/reqRoute.go:86.26,88.3 1 1
github.com/GolangToolKits/grrt/reqRoute.go:88.8,89.33 1 1
github.com/GolangToolKits/grrt/reqRoute.go:89.33,90.15 1 1
github.com/GolangToolKits/grrt/reqRoute.go:90.15,92.10 2 1
github.com/GolangToolKits/grrt/reqRoute.go:96.2,96.12 1 1
github.com/GolangToolKits/grrt/reqRoute.go:100.42,102.2 1 1
github.com/GolangToolKits/grrt/reqRoute.go:105.43,107.27 2 1
github.com/GolangToolKits/grrt/reqRoute.go:107.27,109.3 1 1
github.com/GolangToolKits/grrt/reqRoute.go:110.2,110.12 1 1
github.com/GolangToolKits/grrt/reqRoute.go:119.46,121.2 1 1
github.com/GolangToolKits/grrt/reqRoute.go:124.37,126.2 1 1
github.com/GolangToolKits/grrt/reqRoute.go:129.39,131.2 1 1
github.com/GolangToolKits/grrt/reqRoute.go:134.44,136.2 1 1
github.com/GolangToolKits/grrt/reqRoute.go:139.36,141.2 1 1
github.com/GolangToolKits/grrt/reqRoute.go:143.45,145.73 2 1
github.com/GolangToolKits/grrt/reqRoute.go:145.73,147.3 1 1
github.com/GolangToolKits/grrt/reqRoute.go:147.8,149.3 1 1
github.com/GolangToolKits/grrt/reqRoute.go:150.2,150.12 1 1
github.com/GolangToolKits/grrt/reqRoute.go:153.47,158.22 5 1
github.com/GolangToolKits/grrt/reqRoute.go:158.22,159.16 1 1
github.com/GolangToolKits/grrt/reqRoute.go:159.16,161.4 1 1
github.com/GolangToolKits/grrt/reqRoute.go:161.9,161.25 1 1
github.com/GolangToolKits/grrt/reqRoute.go:161.25,163.4 1 1
github.com/GolangToolKits/grrt/reqRoute.go:165.2,165.13 1 1
github.com/GolangToolKits/grrt/reqRoute.go:165.13,167.3 1 1
github.com/GolangToolKits/grrt/reqRoute.go:167.8,169.3 1 1
github.com/GolangToolKits/grrt/reqRoute.go:170.2,170.12 1 1
github.com/GolangToolKits/grrt/reqRoute.go:173.55,180.22 6 1
github.com/GolangToolKits/grrt/reqRoute.go:180.22,181.31 1 1
github.com/GolangToolKits/grrt/reqRoute.go:181.31,184.9 3 1
github.com/GolangToolKits/grrt/reqRoute.go:185.9,185.21 1 1
github.com/GolangToolKits/grrt/reqRoute.go:185.21,187.4 1 1
github.com/GolangToolKits/grrt/reqRoute.go:188.3,188.31 1 1
github.com/GolangToolKits/grrt/reqRoute.go:188.31,191.9 3 1
github.com/GolangToolKits/grrt/reqRoute.go:192.9,192.21 1 1
github.com/GolangToolKits/grrt/reqRoute.go:192.21,194.4 1 1
github.com/GolangToolKits/grrt/reqRoute.go:196.2,196.12 1 1
github.com/GolangToolKits/grrt/reqRoute.go:199.50,203.22 4 1
github.com/GolangToolKits/grrt/reqRoute.go:203.22,204.24 1 1
github.com/GolangToolKits/grrt/reqRoute.go:204.24,207.9 3 1
github.com/GolangToolKits/grrt/reqRoute.go:208.9,208.20 1 1
github.com/GolangToolKits/grrt/reqRoute.go:208.20,209.32 1 1
github.com/GolangToolKits/grrt/reqRoute.go:209.32,212.10 3 1
github.com/GolangToolKits/grrt/reqRoute.go:213.10,213.39 1 1
github.com/GolangToolKits/grrt/reqRoute.go:213.39,215.5 1 1
github.com/GolangToolKits/grrt/reqRoute.go:215.10,215.39 1 1
github.com/GolangToolKits/grrt/reqRoute.go:215.39,218.5 2 1
github.com/GolangToolKits/grrt/reqRoute.go:221.2,221.12 1 1
github.com/GolangToolKits/grrt/reqRoute.go:224.47,228.22 4 1
github.com/GolangToolKits/grrt/reqRoute.go:228.22,229.24 1 1
github.com/GolangToolKits/grrt/reqRoute.go:229.24,232.9 3 1
github.com/GolangToolKits/grrt/reqRoute.go:233.9,233.20 1 1
github.com/GolangToolKits/grrt/reqRoute.go:233.20,234.32 1 1
github.com/GolangToolKits/grrt/reqRoute.go:234.32,237.10 3 1
github.com/GolangToolKits/grrt/reqRoute.go:238.10,238.39 1 1
github.com/GolangToolKits/grrt/reqRoute.go:238.39,240.5 1 1
github.com/GolangToolKits/grrt/reqRoute.go:243.2,243.12 1 1
github.com/GolangToolKits/grrt/reqRoute.go:246.73,255.22 8 1
github.com/GolangToolKits/grrt/reqRoute.go:255.22,256.14 1 1
github.com/GolangToolKits/grrt/reqRoute.go:256.14,258.17 2 1
github.com/GolangToolKits/grrt/reqRoute.go:258.17,260.5 1 1
github.com/GolangToolKits/grrt/reqRoute.go:262.3,262.14 1 1
github.com/GolangToolKits/grrt/reqRoute.go:262.14,264.4 1 1
github.com/GolangToolKits/grrt/reqRoute.go:265.3,265.30 1 1
github.com/GolangToolKits/grrt/reqRoute.go:265.30,270.4 4 1
github.com/GolangToolKits/grrt/reqRoute.go:272.2,272.14 1 1
github.com/GolangToolKits/grrt/reqRoute.go:272.14,273.41 1 1
github.com/GolangToolKits/grrt/reqRoute.go:273.41,275.4 1 1
github.com/GolangToolKits/grrt/reqRoute.go:277.8,279.3 1 1
github.com/GolangToolKits/grrt/reqRoute.go:280.2,280.19 1 1
github.com/GolangToolKits/grrt/reqRoute.go:283.55,287.2 3 1
github.com/GolangToolKits/grrt/reqRouter.go:36.71,40.53 1 1
github.com/GolangToolKits/grrt/reqRouter.go:40.53,42.3 1 1
github.com/GolangToolKits/grrt/reqRouter.go:42.8,45.16 3 1
github.com/GolangToolKits/grrt/reqRouter.go:45.16,48.23 3 1
github.com/GolangToolKits/grrt/reqRouter.go:48.23,51.5 1 1
github.com/GolangToolKits/grrt/reqRouter.go:53.3,53.34 1 1
github.com/GolangToolKits/grrt/reqRouter.go:53.34,55.4 1 1
github.com/GolangToolKits/grrt/reqRouter.go:55.9,55.43 1 1
github.com/GolangToolKits/grrt/reqRouter.go:55.43,57.4 1 1
github.com/GolangToolKits/grrt/reqRouter.go:57.9,60.4 2 1
github.com/GolangToolKits/grrt/reqRouter.go:65.38,69.2 3 1
github.com/GolangToolKits/grrt/reqRouter.go:72.69,75.16 3 1
github.com/GolangToolKits/grrt/reqRouter.go:75.16,77.3 1 1
github.com/GolangToolKits/grrt/reqRouter.go:77.8,79.28 2 1
github.com/GolangToolKits/grrt/reqRouter.go:79.28,80.55 1 1
github.com/GolangToolKits/grrt/reqRouter.go:80.55,83.5 2 1
github.com/GolangToolKits/grrt/reqRouter.go:85.3,85.12 1 1
github.com/GolangToolKits/grrt/reqRouter.go:85.12,87.4 1 1
github.com/GolangToolKits/grrt/reqRouter.go:89.2,89.11 1 1
github.com/GolangToolKits/grrt/reqRouter.go:93.95,96.16 3 1
github.com/GolangToolKits/grrt/reqRouter.go:96.16,98.3 1 1
github.com/GolangToolKits/grrt/reqRouter.go:98.8,100.28 2 1
github.com/GolangToolKits/grrt/reqRouter.go:100.28,101.55 1 1
github.com/GolangToolKits/grrt/reqRouter.go:101.55,104.5 2 1
github.com/GolangToolKits/grrt/reqRouter.go:106.3,106.12 1 1
github.com/GolangToolKits/grrt/reqRouter.go:106.12,108.4 1 1
github.com/GolangToolKits/grrt/reqRouter.go:110.2,110.11 1 1
github.com/GolangToolKits/grrt/reqRouter.go:114.49,117.16 3 1
github.com/GolangToolKits/grrt/reqRouter.go:117.16,119.3 1 1
github.com/GolangToolKits/grrt/reqRouter.go:120.2,120.11 1 1
github.com/GolangToolKits/grrt/reqRouter.go:124.34,126.2 1 1
github.com/GolangToolKits/grrt/reqRouter.go:129.44,131.2 1 1
github.com/GolangToolKits/grrt/reqRouter.go:134.55,137.28 3 1
github.com/GolangToolKits/grrt/reqRouter.go:137.28,139.20 2 1
github.com/GolangToolKits/grrt/reqRouter.go:139.20,140.12 1 1
github.com/GolangToolKits/grrt/reqRouter.go:142.3,142.55 1 1
github.com/GolangToolKits/grrt/reqRouter.go:147.55,151.2 3 1
github.com/GolangToolKits/grrt/reqRouter.go:154.56,157.28 3 1
github.com/GolangToolKits/grrt/reqRouter.go:157.28,159.20 2 1
github.com/GolangToolKits/grrt/reqRouter.go:159.20,160.12 1 1
github.com/GolangToolKits/grrt/reqRouter.go:162.3,162.55 1 1
github.com/GolangToolKits/grrt/reqRouter.go:166.55,170.28 4 1
github.com/GolangToolKits/grrt/reqRouter.go:170.28,172.3 1 1
github.com/GolangToolKits/grrt/reqRouter.go:173.2,173.30 1 1
github.com/GolangToolKits/grrt/reqRouter.go:176.49,180.2 3 1
github.com/GolangToolKits/grrt/reqRouter.go:182.70,190.23 7 1
github.com/GolangToolKits/grrt/reqRouter.go:190.23,191.13 1 1
github.com/GolangToolKits/grrt/reqRouter.go:191.13,192.12 1 1
github.com/GolangToolKits/grrt/reqRouter.go:193.9,193.19 1 1
github.com/GolangToolKits/grrt/reqRouter.go:193.19,194.9 1 1
github.com/GolangToolKits/grrt/reqRouter.go:196.3,198.17 3 1
github.com/GolangToolKits/grrt/reqRouter.go:198.17,199.28 1 1
github.com/GolangToolKits/grrt/reqRouter.go:199.28,200.38 1 1
github.com/GolangToolKits/grrt/reqRouter.go:200.38,204.11 4 1
github.com/GolangToolKits/grrt/reqRouter.go:207.9,209.4 1 1
github.com/GolangToolKits/grrt/reqRouter.go:211.2,211.19 1 1
github.com/GolangToolKits/grrt/reqRouter.go:214.96,216.36 2 1
github.com/GolangToolKits/grrt/reqRouter.go:216.36,217.32 1 1
github.com/GolangToolKits/grrt/reqRouter.go:217.32,219.4 1 1
github.com/GolangToolKits/grrt/reqRouter.go:221.2,222.27 2 1
github.com/GolangToolKits/grrt/router.go:29.25,34.2 4 1
github.com/GolangToolKits/grrt/router.go:37.46,39.49 2 1
github.com/GolangToolKits/grrt/router.go:39.49,41.3 1 1
github.com/GolangToolKits/grrt/router.go:42.2,42.12 1 1
github.com/GolangToolKits/grrt/router.go:46.72,49.2 2 1
